  Player.cpp
D:\C++\Game\Player.h(56,52): warning C4305: 'argument': truncation from 'double' to 'float'
  (compiling source file 'Player.cpp')
  
D:\C++\Game\Player.cpp(19,69): warning C4244: 'argument': conversion from 'T' to 'T', possible loss of data
D:\C++\Game\Player.cpp(19,69): warning C4244:         with
D:\C++\Game\Player.cpp(19,69): warning C4244:         [
D:\C++\Game\Player.cpp(19,69): warning C4244:             T=float
D:\C++\Game\Player.cpp(19,69): warning C4244:         ]
D:\C++\Game\Player.cpp(19,69): warning C4244:         and
D:\C++\Game\Player.cpp(19,69): warning C4244:         [
D:\C++\Game\Player.cpp(19,69): warning C4244:             T=int
D:\C++\Game\Player.cpp(19,69): warning C4244:         ]
D:\C++\Game\Player.cpp(19,52): warning C4244: 'argument': conversion from 'T' to 'T', possible loss of data
D:\C++\Game\Player.cpp(19,52): warning C4244:         with
D:\C++\Game\Player.cpp(19,52): warning C4244:         [
D:\C++\Game\Player.cpp(19,52): warning C4244:             T=float
D:\C++\Game\Player.cpp(19,52): warning C4244:         ]
D:\C++\Game\Player.cpp(19,52): warning C4244:         and
D:\C++\Game\Player.cpp(19,52): warning C4244:         [
D:\C++\Game\Player.cpp(19,52): warning C4244:             T=int
D:\C++\Game\Player.cpp(19,52): warning C4244:         ]
  Game.vcxproj -> D:\C++\Game\x64\Debug\Game.exe
