d:\c++\game\game\x64\debug\vc143.pdb
d:\c++\game\game\x64\debug\vc143.idb
d:\c++\game\game\x64\debug\view.obj
d:\c++\game\game\x64\debug\resourcemanager.obj
d:\c++\game\game\x64\debug\player.obj
d:\c++\game\game\x64\debug\gamemap.obj
d:\c++\game\game\x64\debug\eventmanager.obj
d:\c++\game\game\x64\debug\renderer.obj
d:\c++\game\game\x64\debug\menu.obj
d:\c++\game\game\x64\debug\gameboot.obj
d:\c++\game\game\x64\debug\game.obj
d:\c++\game\x64\debug\game.exe
d:\c++\game\x64\debug\game.pdb
d:\c++\game\game\x64\debug\game.ilk
d:\c++\game\game\x64\debug\game.tlog\cl.command.1.tlog
d:\c++\game\game\x64\debug\game.tlog\cl.items.tlog
d:\c++\game\game\x64\debug\game.tlog\cl.read.1.tlog
d:\c++\game\game\x64\debug\game.tlog\cl.write.1.tlog
d:\c++\game\game\x64\debug\game.tlog\link.command.1.tlog
d:\c++\game\game\x64\debug\game.tlog\link.read.1.tlog
d:\c++\game\game\x64\debug\game.tlog\link.secondary.1.tlog
d:\c++\game\game\x64\debug\game.tlog\link.write.1.tlog
